# JRE version: Java(TM) SE Runtime Environment (9.0+11) (build 9.0.4+11)
# Java VM: Java HotSpot(TM) 64-Bit Server VM (9.0.4+11, mixed mode, tiered, compressed oops, g1 gc, windows-amd64)
Heap:
 garbage-first heap   total 460800K, used 293012K [0x0000000700000000, 0x0000000700100e10, 0x00000007c0000000)
  region size 1024K, 13 young (13312K), 3 survivors (3072K)
 Metaspace       used 94569K, capacity 97215K, committed 104936K, reserved 1138688K
  class space    used 13473K, capacity 14005K, committed 15636K, reserved 1048576K
GC Heap History (10 events):
Event: 5956.330 GC heap before
{Heap before GC invocations=890 (full 8):
 garbage-first heap   total 460800K, used 341911K [0x0000000700000000, 0x0000000700100e10, 0x00000007c0000000)
  region size 1024K, 60 young (61440K), 3 survivors (3072K)
 Metaspace       used 94428K, capacity 96945K, committed 104680K, reserved 1138688K
  class space    used 13453K, capacity 13978K, committed 15636K, reserved 1048576K
}
Event: 5956.334 GC heap after
{Heap after GC invocations=891 (full 8):
 garbage-first heap   total 460800K, used 283456K [0x0000000700000000, 0x0000000700100e10, 0x00000007c0000000)
  region size 1024K, 3 young (3072K), 3 survivors (3072K)
 Metaspace       used 94428K, capacity 96945K, committed 104680K, reserved 1138688K
  class space    used 13453K, capacity 13978K, committed 15636K, reserved 1048576K
}
Event: 5956.483 GC heap before
{Heap before GC invocations=891 (full 8):
 garbage-first heap   total 460800K, used 341824K [0x0000000700000000, 0x0000000700100e10, 0x00000007c0000000)
  region size 1024K, 60 young (61440K), 3 survivors (3072K)
 Metaspace       used 94437K, capacity 96945K, committed 104680K, reserved 1138688K
  class space    used 13453K, capacity 13978K, committed 15636K, reserved 1048576K
}
Event: 5956.487 GC heap after
{Heap after GC invocations=892 (full 8):
 garbage-first heap   total 460800K, used 283573K [0x0000000700000000, 0x0000000700100e10, 0x00000007c0000000)
  region size 1024K, 3 young (3072K), 3 survivors (3072K)
 Metaspace       used 94437K, capacity 96945K, committed 104680K, reserved 1138688K
  class space    used 13453K, capacity 13978K, committed 15636K, reserved 1048576K
}
Event: 5958.332 GC heap before
{Heap before GC invocations=892 (full 8):
 garbage-first heap   total 460800K, used 341941K [0x0000000700000000, 0x0000000700100e10, 0x00000007c0000000)
  region size 1024K, 60 young (61440K), 3 survivors (3072K)
 Metaspace       used 94440K, capacity 96945K, committed 104680K, reserved 1138688K
  class space    used 13453K, capacity 13978K, committed 15636K, reserved 1048576K
}
Event: 5958.335 GC heap after
{Heap after GC invocations=893 (full 8):
 garbage-first heap   total 460800K, used 283410K [0x0000000700000000, 0x0000000700100e10, 0x00000007c0000000)
  region size 1024K, 3 young (3072K), 3 survivors (3072K)
 Metaspace       used 94440K, capacity 96945K, committed 104680K, reserved 1138688K
  class space    used 13453K, capacity 13978K, committed 15636K, reserved 1048576K
}
Event: 5958.903 GC heap before
{Heap before GC invocations=893 (full 8):
 garbage-first heap   total 460800K, used 341778K [0x0000000700000000, 0x0000000700100e10, 0x00000007c0000000)
  region size 1024K, 60 young (61440K), 3 survivors (3072K)
 Metaspace       used 94447K, capacity 96945K, committed 104680K, reserved 1138688K
  class space    used 13453K, capacity 13978K, committed 15636K, reserved 1048576K
}
Event: 5958.907 GC heap after
{Heap after GC invocations=894 (full 8):
 garbage-first heap   total 460800K, used 283796K [0x0000000700000000, 0x0000000700100e10, 0x00000007c0000000)
  region size 1024K, 3 young (3072K), 3 survivors (3072K)
 Metaspace       used 94447K, capacity 96945K, committed 104680K, reserved 1138688K
  class space    used 13453K, capacity 13978K, committed 15636K, reserved 1048576K
}
Event: 5967.855 GC heap before
{Heap before GC invocations=894 (full 8):
 garbage-first heap   total 460800K, used 342164K [0x0000000700000000, 0x0000000700100e10, 0x00000007c0000000)
  region size 1024K, 60 young (61440K), 3 survivors (3072K)
 Metaspace       used 94508K, capacity 97009K, committed 104936K, reserved 1138688K
  class space    used 13457K, capacity 13978K, committed 15636K, reserved 1048576K
}
Event: 5967.859 GC heap after
{Heap after GC invocations=895 (full 8):
 garbage-first heap   total 460800K, used 283796K [0x0000000700000000, 0x0000000700100e10, 0x00000007c0000000)
  region size 1024K, 3 young (3072K), 3 survivors (3072K)
 Metaspace       used 94508K, capacity 97009K, committed 104936K, reserved 1138688K
  class space    used 13457K, capacity 13978K, committed 15636K, reserved 1048576K
}

